<?xml version="1.0" encoding="UTF-8"?>
<testng-results skipped="0" failed="0" total="6" passed="6">
  <reporter-output>
  </reporter-output>
  <suite name="Suite1" duration-ms="12969" started-at="2015-01-07T11:18:05Z" finished-at="2015-01-07T11:18:18Z">
    <groups>
    </groups>
    <test name="Regression2" duration-ms="0" started-at="2015-01-07T11:18:18Z" finished-at="2015-01-07T11:18:18Z">
      <class name="com.test.TestCode">
        <test-method status="PASS" signature="testMain()" name="testMain" duration-ms="0" started-at="2015-01-07T11:18:18Z" finished-at="2015-01-07T11:18:18Z">
        </test-method>
      </class>
    </test>
    <test name="Regression1" duration-ms="12938" started-at="2015-01-07T11:18:05Z" finished-at="2015-01-07T11:18:18Z">
      <class name="com.test.PickAndDrop">
        <test-method status="PASS" signature="testPickAndDrop()" name="testPickAndDrop" is-config="true" duration-ms="8054" started-at="2015-01-07T11:18:05Z" finished-at="2015-01-07T11:18:13Z">
        </test-method>
        <test-method status="PASS" signature="EnterUrl()" name="EnterUrl" duration-ms="3339" started-at="2015-01-07T11:18:13Z" finished-at="2015-01-07T11:18:17Z">
        </test-method>
        <test-method status="PASS" signature="EnterFormulaName()" name="EnterFormulaName" duration-ms="140" started-at="2015-01-07T11:18:17Z" finished-at="2015-01-07T11:18:17Z">
        </test-method>
        <test-method status="PASS" signature="AddToNumerator()" name="AddToNumerator" duration-ms="765" started-at="2015-01-07T11:18:17Z" finished-at="2015-01-07T11:18:18Z">
        </test-method>
        <test-method status="PASS" signature="AddToDenumerator()" name="AddToDenumerator" duration-ms="624" started-at="2015-01-07T11:18:18Z" finished-at="2015-01-07T11:18:18Z">
        </test-method>
        <test-method status="PASS" signature="SubmitTheChanges()" name="SubmitTheChanges" duration-ms="0" started-at="2015-01-07T11:18:18Z" finished-at="2015-01-07T11:18:18Z">
        </test-method>
        <test-method status="PASS" signature="tearDown()" name="tearDown" is-config="true" duration-ms="0" started-at="2015-01-07T11:18:18Z" finished-at="2015-01-07T11:18:18Z">
        </test-method>
      </class>
    </test>
  </suite>
</testng-results>
